<?xml version="1.0" encoding="UTF-8"?>
<testng-results total="1" passed="1" failed="0" skipped="0">
  <reporter-output>
    <line>
      <![CDATA[Application lunch]]>
    </line>
    <line>
      <![CDATA[Log in Complete]]>
    </line>
    <line>
      <![CDATA[Log Out Complete]]>
    </line>
    <line>
      <![CDATA[Application Close]]>
    </line>
  </reporter-output>
  <suite started-at="2021-06-26T05:36:39Z" name="Default suite" finished-at="2021-06-26T05:37:47Z" duration-ms="67141">
    <groups>
    </groups>
    <test started-at="2021-06-26T05:36:39Z" name="Default test" finished-at="2021-06-26T05:37:47Z" duration-ms="67141">
      <class name="com.hrms.TasteScripts.TC001">
        <test-method signature="tc001()[pri:0, instance:com.hrms.TasteScripts.TC001@495ee280]" started-at="2021-06-26T11:06:39Z" name="tc001" finished-at="2021-06-26T11:07:47Z" duration-ms="67098" status="PASS">
          <reporter-output>
            <line>
              <![CDATA[Application lunch]]>
            </line>
            <line>
              <![CDATA[Log in Complete]]>
            </line>
            <line>
              <![CDATA[Log Out Complete]]>
            </line>
            <line>
              <![CDATA[Application Close]]>
            </line>
          </reporter-output>
        </test-method> <!-- tc001 -->
      </class> <!-- com.hrms.TasteScripts.TC001 -->
    </test> <!-- Default test -->
  </suite> <!-- Default suite -->
</testng-results>
